nohup: ignoring input

> backend@0.0.1 start
> nest start

[32m[Nest] 165350  - [39m11/10/2025, 10:38:59 AM [32m    LOG[39m [38;5;3m[NestFactory] [39m[32mStarting Nest application...[39m
[32m[Nest] 165350  - [39m11/10/2025, 10:38:59 AM [32m    LOG[39m [38;5;3m[InstanceLoader] [39m[32mPassportModule dependencies initialized[39m[38;5;3m +24ms[39m
[32m[Nest] 165350  - [39m11/10/2025, 10:38:59 AM [32m    LOG[39m [38;5;3m[InstanceLoader] [39m[32mJwtModule dependencies initialized[39m[38;5;3m +1ms[39m
[32m[Nest] 165350  - [39m11/10/2025, 10:38:59 AM [32m    LOG[39m [38;5;3m[InstanceLoader] [39m[32mTasksModule dependencies initialized[39m[38;5;3m +1ms[39m
[32m[Nest] 165350  - [39m11/10/2025, 10:38:59 AM [32m    LOG[39m [38;5;3m[InstanceLoader] [39m[32mDiscoveryModule dependencies initialized[39m[38;5;3m +0ms[39m
[32m[Nest] 165350  - [39m11/10/2025, 10:38:59 AM [32m    LOG[39m [38;5;3m[InstanceLoader] [39m[32mScheduleModule dependencies initialized[39m[38;5;3m +0ms[39m
[32m[Nest] 165350  - [39m11/10/2025, 10:38:59 AM [32m    LOG[39m [38;5;3m[InstanceLoader] [39m[32mScheduleModule dependencies initialized[39m[38;5;3m +0ms[39m
[32m[Nest] 165350  - [39m11/10/2025, 10:38:59 AM [32m    LOG[39m [38;5;3m[InstanceLoader] [39m[32mAppModule dependencies initialized[39m[38;5;3m +1ms[39m
[32m[Nest] 165350  - [39m11/10/2025, 10:38:59 AM [32m    LOG[39m [38;5;3m[InstanceLoader] [39m[32mPlansModule dependencies initialized[39m[38;5;3m +0ms[39m
[32m[Nest] 165350  - [39m11/10/2025, 10:38:59 AM [32m    LOG[39m [38;5;3m[InstanceLoader] [39m[32mSubscriptionsModule dependencies initialized[39m[38;5;3m +0ms[39m
[32m[Nest] 165350  - [39m11/10/2025, 10:38:59 AM [32m    LOG[39m [38;5;3m[InstanceLoader] [39m[32mFilesModule dependencies initialized[39m[38;5;3m +1ms[39m
[32m[Nest] 165350  - [39m11/10/2025, 10:38:59 AM [32m    LOG[39m [38;5;3m[InstanceLoader] [39m[32mSchoolsModule dependencies initialized[39m[38;5;3m +0ms[39m
[32m[Nest] 165350  - [39m11/10/2025, 10:38:59 AM [32m    LOG[39m [38;5;3m[InstanceLoader] [39m[32mAuthModule dependencies initialized[39m[38;5;3m +0ms[39m
[32m[Nest] 165350  - [39m11/10/2025, 10:38:59 AM [32m    LOG[39m [38;5;3m[RoutesResolver] [39m[32mAppController {/}:[39m[38;5;3m +5ms[39m
[32m[Nest] 165350  - [39m11/10/2025, 10:38:59 AM [32m    LOG[39m [38;5;3m[RouterExplorer] [39m[32mMapped {/, GET} route[39m[38;5;3m +3ms[39m
[32m[Nest] 165350  - [39m11/10/2025, 10:38:59 AM [32m    LOG[39m [38;5;3m[RoutesResolver] [39m[32mAuthController {/auth}:[39m[38;5;3m +0ms[39m
[32m[Nest] 165350  - [39m11/10/2025, 10:38:59 AM [32m    LOG[39m [38;5;3m[RouterExplorer] [39m[32mMapped {/auth/register-school, POST} route[39m[38;5;3m +1ms[39m
[32m[Nest] 165350  - [39m11/10/2025, 10:38:59 AM [32m    LOG[39m [38;5;3m[RouterExplorer] [39m[32mMapped {/auth/login, POST} route[39m[38;5;3m +0ms[39m
[32m[Nest] 165350  - [39m11/10/2025, 10:38:59 AM [32m    LOG[39m [38;5;3m[RouterExplorer] [39m[32mMapped {/auth/profile, GET} route[39m[38;5;3m +1ms[39m
[32m[Nest] 165350  - [39m11/10/2025, 10:38:59 AM [32m    LOG[39m [38;5;3m[RouterExplorer] [39m[32mMapped {/auth/update-avatar, PATCH} route[39m[38;5;3m +0ms[39m
[32m[Nest] 165350  - [39m11/10/2025, 10:38:59 AM [32m    LOG[39m [38;5;3m[RouterExplorer] [39m[32mMapped {/auth/change-password, PATCH} route[39m[38;5;3m +0ms[39m
[32m[Nest] 165350  - [39m11/10/2025, 10:38:59 AM [32m    LOG[39m [38;5;3m[RoutesResolver] [39m[32mUsersController {/users}:[39m[38;5;3m +1ms[39m
[32m[Nest] 165350  - [39m11/10/2025, 10:38:59 AM [32m    LOG[39m [38;5;3m[RouterExplorer] [39m[32mMapped {/users, GET} route[39m[38;5;3m +0ms[39m
[32m[Nest] 165350  - [39m11/10/2025, 10:38:59 AM [32m    LOG[39m [38;5;3m[RouterExplorer] [39m[32mMapped {/users/:id/role, PATCH} route[39m[38;5;3m +1ms[39m
[32m[Nest] 165350  - [39m11/10/2025, 10:38:59 AM [32m    LOG[39m [38;5;3m[RouterExplorer] [39m[32mMapped {/users/:id/deactivate, PATCH} route[39m[38;5;3m +0ms[39m
[32m[Nest] 165350  - [39m11/10/2025, 10:38:59 AM [32m    LOG[39m [38;5;3m[RouterExplorer] [39m[32mMapped {/users, POST} route[39m[38;5;3m +1ms[39m
[32m[Nest] 165350  - [39m11/10/2025, 10:38:59 AM [32m    LOG[39m [38;5;3m[RouterExplorer] [39m[32mMapped {/users/:id/reset-password, POST} route[39m[38;5;3m +0ms[39m
[32m[Nest] 165350  - [39m11/10/2025, 10:38:59 AM [32m    LOG[39m [38;5;3m[RouterExplorer] [39m[32mMapped {/users/:id, DELETE} route[39m[38;5;3m +0ms[39m
[32m[Nest] 165350  - [39m11/10/2025, 10:38:59 AM [32m    LOG[39m [38;5;3m[RoutesResolver] [39m[32mFilesController {/files}:[39m[38;5;3m +1ms[39m
[32m[Nest] 165350  - [39m11/10/2025, 10:38:59 AM [32m    LOG[39m [38;5;3m[RouterExplorer] [39m[32mMapped {/files/upload, POST} route[39m[38;5;3m +0ms[39m
[32m[Nest] 165350  - [39m11/10/2025, 10:38:59 AM [32m    LOG[39m [38;5;3m[RoutesResolver] [39m[32mSchoolsController {/schools}:[39m[38;5;3m +0ms[39m
[32m[Nest] 165350  - [39m11/10/2025, 10:38:59 AM [32m    LOG[39m [38;5;3m[RouterExplorer] [39m[32mMapped {/schools, POST} route[39m[38;5;3m +0ms[39m
[32m[Nest] 165350  - [39m11/10/2025, 10:38:59 AM [32m    LOG[39m [38;5;3m[RouterExplorer] [39m[32mMapped {/schools, GET} route[39m[38;5;3m +0ms[39m
[32m[Nest] 165350  - [39m11/10/2025, 10:38:59 AM [32m    LOG[39m [38;5;3m[RouterExplorer] [39m[32mMapped {/schools/:id, GET} route[39m[38;5;3m +0ms[39m
[32m[Nest] 165350  - [39m11/10/2025, 10:38:59 AM [32m    LOG[39m [38;5;3m[RouterExplorer] [39m[32mMapped {/schools/:id, PATCH} route[39m[38;5;3m +0ms[39m
[32m[Nest] 165350  - [39m11/10/2025, 10:38:59 AM [32m    LOG[39m [38;5;3m[RouterExplorer] [39m[32mMapped {/schools/:id, DELETE} route[39m[38;5;3m +0ms[39m
[32m[Nest] 165350  - [39m11/10/2025, 10:38:59 AM [32m    LOG[39m [38;5;3m[RoutesResolver] [39m[32mPlansController {/plans}:[39m[38;5;3m +0ms[39m
[32m[Nest] 165350  - [39m11/10/2025, 10:38:59 AM [32m    LOG[39m [38;5;3m[RouterExplorer] [39m[32mMapped {/plans, POST} route[39m[38;5;3m +1ms[39m
[32m[Nest] 165350  - [39m11/10/2025, 10:38:59 AM [32m    LOG[39m [38;5;3m[RouterExplorer] [39m[32mMapped {/plans, GET} route[39m[38;5;3m +0ms[39m
[32m[Nest] 165350  - [39m11/10/2025, 10:38:59 AM [32m    LOG[39m [38;5;3m[RouterExplorer] [39m[32mMapped {/plans/:id, GET} route[39m[38;5;3m +0ms[39m
[32m[Nest] 165350  - [39m11/10/2025, 10:38:59 AM [32m    LOG[39m [38;5;3m[RouterExplorer] [39m[32mMapped {/plans/:id, PATCH} route[39m[38;5;3m +0ms[39m
[32m[Nest] 165350  - [39m11/10/2025, 10:38:59 AM [32m    LOG[39m [38;5;3m[RouterExplorer] [39m[32mMapped {/plans/:id, DELETE} route[39m[38;5;3m +1ms[39m
[32m[Nest] 165350  - [39m11/10/2025, 10:38:59 AM [32m    LOG[39m [38;5;3m[RoutesResolver] [39m[32mSubscriptionsController {/subscriptions}:[39m[38;5;3m +0ms[39m
[32m[Nest] 165350  - [39m11/10/2025, 10:38:59 AM [32m    LOG[39m [38;5;3m[RouterExplorer] [39m[32mMapped {/subscriptions, POST} route[39m[38;5;3m +0ms[39m
[32m[Nest] 165350  - [39m11/10/2025, 10:38:59 AM [32m    LOG[39m [38;5;3m[RouterExplorer] [39m[32mMapped {/subscriptions, GET} route[39m[38;5;3m +0ms[39m
[32m[Nest] 165350  - [39m11/10/2025, 10:38:59 AM [32m    LOG[39m [38;5;3m[RouterExplorer] [39m[32mMapped {/subscriptions/:id, GET} route[39m[38;5;3m +0ms[39m
Prisma Service has been initialized.
Prisma Service has been initialized.
Prisma Service has been initialized.
Prisma Service has been initialized.
Prisma Service has been initialized.
Prisma Service has been initialized.
[32m[Nest] 165350  - [39m11/10/2025, 10:38:59 AM [32m    LOG[39m [38;5;3m[NestApplication] [39m[32mNest application successfully started[39m[38;5;3m +20ms[39m
API on http://localhost:3000
[31m[Nest] 165350  - [39m11/10/2025, 10:39:10 AM [31m  ERROR[39m [38;5;3m[AllExceptionsFilter] [39mObject(3) {
  status: [33m404[39m,
  path: [32m'/api/users/cmht0fgrb000176pgh61e5j04'[39m,
  message: [32m'NotFoundException: Cannot DELETE /api/users/cmht0fgrb000176pgh61e5j04\n    at callback (/workspaces/Smart_School/backend/node_modules/@nestjs/core/router/routes-resolver.js:77:19)\n    at /workspaces/Smart_School/backend/node_modules/@nestjs/core/router/router-proxy.js:9:23\n    at Layer.handleRequest (/workspaces/Smart_School/backend/node_modules/router/lib/layer.js:152:17)\n    at trimPrefix (/workspaces/Smart_School/backend/node_modules/router/index.js:342:13)\n    at /workspaces/Smart_School/backend/node_modules/router/index.js:297:9\n    at processParams (/workspaces/Smart_School/backend/node_modules/router/index.js:582:12)\n    at next (/workspaces/Smart_School/backend/node_modules/router/index.js:291:5)\n    at urlencodedParser (/workspaces/Smart_School/backend/node_modules/body-parser/lib/types/urlencoded.js:68:7)\n    at Layer.handleRequest (/workspaces/Smart_School/backend/node_modules/router/lib/layer.js:152:17)\n    at trimPrefix (/workspaces/Smart_School/backend/node_modules/router/index.js:342:13)'[39m
}
